Performing C SOURCE FILE Test CMAKE_HAVE_LIBC_PTHREAD failed with the following output:
Change Dir: /home/pi/education/interviews/optimization_robot_localization/cmake-build-debug/CMakeFiles/CMakeTmp

Run Build Command(s):/usr/bin/make -f Makefile cmTC_285f8/fast && /usr/bin/make  -f CMakeFiles/cmTC_285f8.dir/build.make CMakeFiles/cmTC_285f8.dir/build
make[1]: Entering directory '/home/pi/education/interviews/optimization_robot_localization/cmake-build-debug/CMakeFiles/CMakeTmp'
Building C object CMakeFiles/cmTC_285f8.dir/src.c.o
/usr/bin/cc -DCMAKE_HAVE_LIBC_PTHREAD   -o CMakeFiles/cmTC_285f8.dir/src.c.o -c /home/pi/education/interviews/optimization_robot_localization/cmake-build-debug/CMakeFiles/CMakeTmp/src.c
Linking C executable cmTC_285f8
/home/pi/work_drivecast/thirdparty/clion-2021.2.4/bin/cmake/linux/bin/cmake -E cmake_link_script CMakeFiles/cmTC_285f8.dir/link.txt --verbose=1
/usr/bin/cc CMakeFiles/cmTC_285f8.dir/src.c.o -o cmTC_285f8 
/usr/bin/ld: CMakeFiles/cmTC_285f8.dir/src.c.o: in function `main':
src.c:(.text+0x46): undefined reference to `pthread_create'
/usr/bin/ld: src.c:(.text+0x52): undefined reference to `pthread_detach'
/usr/bin/ld: src.c:(.text+0x5e): undefined reference to `pthread_cancel'
/usr/bin/ld: src.c:(.text+0x6f): undefined reference to `pthread_join'
collect2: error: ld returned 1 exit status
make[1]: *** [CMakeFiles/cmTC_285f8.dir/build.make:99: cmTC_285f8] Error 1
make[1]: Leaving directory '/home/pi/education/interviews/optimization_robot_localization/cmake-build-debug/CMakeFiles/CMakeTmp'
make: *** [Makefile:127: cmTC_285f8/fast] Error 2


Source file was:
#include <pthread.h>

static void* test_func(void* data)
{
  return data;
}

int main(void)
{
  pthread_t thread;
  pthread_create(&thread, NULL, test_func, NULL);
  pthread_detach(thread);
  pthread_cancel(thread);
  pthread_join(thread, NULL);
  pthread_atfork(NULL, NULL, NULL);
  pthread_exit(NULL);

  return 0;
}

Determining if the function pthread_create exists in the pthreads failed with the following output:
Change Dir: /home/pi/education/interviews/optimization_robot_localization/cmake-build-debug/CMakeFiles/CMakeTmp

Run Build Command(s):/usr/bin/make -f Makefile cmTC_b8eb7/fast && /usr/bin/make  -f CMakeFiles/cmTC_b8eb7.dir/build.make CMakeFiles/cmTC_b8eb7.dir/build
make[1]: Entering directory '/home/pi/education/interviews/optimization_robot_localization/cmake-build-debug/CMakeFiles/CMakeTmp'
Building C object CMakeFiles/cmTC_b8eb7.dir/CheckFunctionExists.c.o
/usr/bin/cc   -DCHECK_FUNCTION_EXISTS=pthread_create -o CMakeFiles/cmTC_b8eb7.dir/CheckFunctionExists.c.o -c /home/pi/work_drivecast/thirdparty/clion-2021.2.4/bin/cmake/linux/share/cmake-3.20/Modules/CheckFunctionExists.c
Linking C executable cmTC_b8eb7
/home/pi/work_drivecast/thirdparty/clion-2021.2.4/bin/cmake/linux/bin/cmake -E cmake_link_script CMakeFiles/cmTC_b8eb7.dir/link.txt --verbose=1
/usr/bin/cc  -DCHECK_FUNCTION_EXISTS=pthread_create CMakeFiles/cmTC_b8eb7.dir/CheckFunctionExists.c.o -o cmTC_b8eb7  -lpthreads 
/usr/bin/ld: cannot find -lpthreads
collect2: error: ld returned 1 exit status
make[1]: *** [CMakeFiles/cmTC_b8eb7.dir/build.make:99: cmTC_b8eb7] Error 1
make[1]: Leaving directory '/home/pi/education/interviews/optimization_robot_localization/cmake-build-debug/CMakeFiles/CMakeTmp'
make: *** [Makefile:127: cmTC_b8eb7/fast] Error 2



Determining if the function sgemm_ exists failed with the following output:
Change Dir: /home/pi/education/interviews/optimization_robot_localization/cmake-build-debug/CMakeFiles/CMakeTmp

Run Build Command(s):/usr/bin/make -f Makefile cmTC_54c2e/fast && /usr/bin/make  -f CMakeFiles/cmTC_54c2e.dir/build.make CMakeFiles/cmTC_54c2e.dir/build
make[1]: Entering directory '/home/pi/education/interviews/optimization_robot_localization/cmake-build-debug/CMakeFiles/CMakeTmp'
Building C object CMakeFiles/cmTC_54c2e.dir/CheckFunctionExists.c.o
/usr/bin/cc   -DCHECK_FUNCTION_EXISTS=sgemm_ -o CMakeFiles/cmTC_54c2e.dir/CheckFunctionExists.c.o -c /home/pi/work_drivecast/thirdparty/clion-2021.2.4/bin/cmake/linux/share/cmake-3.20/Modules/CheckFunctionExists.c
Linking C executable cmTC_54c2e
/home/pi/work_drivecast/thirdparty/clion-2021.2.4/bin/cmake/linux/bin/cmake -E cmake_link_script CMakeFiles/cmTC_54c2e.dir/link.txt --verbose=1
/usr/bin/cc  -DCHECK_FUNCTION_EXISTS=sgemm_ CMakeFiles/cmTC_54c2e.dir/CheckFunctionExists.c.o -o cmTC_54c2e 
/usr/bin/ld: CMakeFiles/cmTC_54c2e.dir/CheckFunctionExists.c.o: in function `main':
CheckFunctionExists.c:(.text+0x14): undefined reference to `sgemm_'
collect2: error: ld returned 1 exit status
make[1]: *** [CMakeFiles/cmTC_54c2e.dir/build.make:99: cmTC_54c2e] Error 1
make[1]: Leaving directory '/home/pi/education/interviews/optimization_robot_localization/cmake-build-debug/CMakeFiles/CMakeTmp'
make: *** [Makefile:127: cmTC_54c2e/fast] Error 2



Determining if the function cheev_ exists failed with the following output:
Change Dir: /home/pi/education/interviews/optimization_robot_localization/cmake-build-debug/CMakeFiles/CMakeTmp

Run Build Command(s):/usr/bin/make -f Makefile cmTC_d43c6/fast && /usr/bin/make  -f CMakeFiles/cmTC_d43c6.dir/build.make CMakeFiles/cmTC_d43c6.dir/build
make[1]: Entering directory '/home/pi/education/interviews/optimization_robot_localization/cmake-build-debug/CMakeFiles/CMakeTmp'
Building C object CMakeFiles/cmTC_d43c6.dir/CheckFunctionExists.c.o
/usr/bin/cc   -DCHECK_FUNCTION_EXISTS=cheev_ -o CMakeFiles/cmTC_d43c6.dir/CheckFunctionExists.c.o -c /home/pi/work_drivecast/thirdparty/clion-2021.2.4/bin/cmake/linux/share/cmake-3.20/Modules/CheckFunctionExists.c
Linking C executable cmTC_d43c6
/home/pi/work_drivecast/thirdparty/clion-2021.2.4/bin/cmake/linux/bin/cmake -E cmake_link_script CMakeFiles/cmTC_d43c6.dir/link.txt --verbose=1
/usr/bin/cc  -DCHECK_FUNCTION_EXISTS=cheev_ CMakeFiles/cmTC_d43c6.dir/CheckFunctionExists.c.o -o cmTC_d43c6  /usr/lib/x86_64-linux-gnu/libblas.so -lpthread -lm -ldl 
/usr/bin/ld: CMakeFiles/cmTC_d43c6.dir/CheckFunctionExists.c.o: in function `main':
CheckFunctionExists.c:(.text+0x14): undefined reference to `cheev_'
collect2: error: ld returned 1 exit status
make[1]: *** [CMakeFiles/cmTC_d43c6.dir/build.make:100: cmTC_d43c6] Error 1
make[1]: Leaving directory '/home/pi/education/interviews/optimization_robot_localization/cmake-build-debug/CMakeFiles/CMakeTmp'
make: *** [Makefile:127: cmTC_d43c6/fast] Error 2



